<?xml version="1.0" encoding="UTF-8" ?>
<testsuite failures="0" time="0.019" errors="0" skipped="0" tests="6" name="com.tumblr.jumblr.types.VideoPostTest">
  <properties>
[...]
</properties>
  <testcase time="0.003" classname="com.tumblr.jumblr.types.VideoPostTest" name="setDataWithEmbedCode"/>
  <testcase time="0.003" classname="com.tumblr.jumblr.types.VideoPostTest" name="setEmbedCodeWithoutData"/>
  <testcase time="0.002" classname="com.tumblr.jumblr.types.VideoPostTest" name="setEmbedCodeWithData"/>
  <testcase time="0.003" classname="com.tumblr.jumblr.types.VideoPostTest" name="testReaders"/>
  <testcase time="0.002" classname="com.tumblr.jumblr.types.VideoPostTest" name="setDataWithoutEmbedCode"/>
  <testcase time="0.002" classname="com.tumblr.jumblr.types.VideoPostTest" name="testOtherDetail"/>
</testsuite>